Using pre-set license
Built from '2021.3/release' branch; Version is '2021.3.17f1 (3e8111cac19d) revision 4096273'; Using compiler version '192829333'; Build Type 'Release'
OS: 'Windows 10  (10.0.19045) 64bit Professional' Language: 'es' Physical Memory: 14284 MB
BatchMode: 1, IsHumanControllingUs: 0, StartBugReporterOnCrash: 0, Is64bit: 1, IsPro: 1

COMMAND LINE ARGUMENTS:
C:\Program Files\Unity\Hub\Editor\2021.3.17f1\Editor\Unity.exe
-adb2
-batchMode
-noUpm
-name
AssetImportWorker0
-projectPath
C:/Users/afurf/Desktop/Proyectos Unity 2023/Blue Gravity Studios/-InterviewTask/BlueGravityStudios
-logFile
Logs/AssetImportWorker0.log
-srvPort
63094
Successfully changed project path to: C:/Users/afurf/Desktop/Proyectos Unity 2023/Blue Gravity Studios/-InterviewTask/BlueGravityStudios
C:/Users/afurf/Desktop/Proyectos Unity 2023/Blue Gravity Studios/-InterviewTask/BlueGravityStudios
[UnityMemory] Configuration Parameters - Can be set up in boot.config
    "memorysetup-bucket-allocator-granularity=16"
    "memorysetup-bucket-allocator-bucket-count=8"
    "memorysetup-bucket-allocator-block-size=33554432"
    "memorysetup-bucket-allocator-block-count=8"
    "memorysetup-main-allocator-block-size=16777216"
    "memorysetup-thread-allocator-block-size=16777216"
    "memorysetup-gfx-main-allocator-block-size=16777216"
    "memorysetup-gfx-thread-allocator-block-size=16777216"
    "memorysetup-cache-allocator-block-size=4194304"
    "memorysetup-typetree-allocator-block-size=2097152"
    "memorysetup-profiler-bucket-allocator-granularity=16"
    "memorysetup-profiler-bucket-allocator-bucket-count=8"
    "memorysetup-profiler-bucket-allocator-block-size=33554432"
    "memorysetup-profiler-bucket-allocator-block-count=8"
    "memorysetup-profiler-allocator-block-size=16777216"
    "memorysetup-profiler-editor-allocator-block-size=1048576"
    "memorysetup-temp-allocator-size-main=16777216"
    "memorysetup-job-temp-allocator-block-size=2097152"
    "memorysetup-job-temp-allocator-block-size-background=1048576"
    "memorysetup-job-temp-allocator-reduction-small-platforms=262144"
    "memorysetup-temp-allocator-size-background-worker=32768"
    "memorysetup-temp-allocator-size-job-worker=262144"
    "memorysetup-temp-allocator-size-preload-manager=33554432"
    "memorysetup-temp-allocator-size-nav-mesh-worker=65536"
    "memorysetup-temp-allocator-size-audio-worker=65536"
    "memorysetup-temp-allocator-size-cloud-worker=32768"
    "memorysetup-temp-allocator-size-gi-baking-worker=262144"
    "memorysetup-temp-allocator-size-gfx=262144"
Player connection [15072] Host "[IP] 192.168.0.11 [Port] 0 [Flags] 2 [Guid] 2759178299 [EditorId] 2759178299 [Version] 1048832 [Id] WindowsEditor(7,DESKTOP-F8LQMM0) [Debug] 1 [PackageName] WindowsEditor [ProjectName] Editor" joined multi-casting on [225.0.0.222:54997]...

Player connection [15072] Host "[IP] 192.168.0.11 [Port] 0 [Flags] 2 [Guid] 2759178299 [EditorId] 2759178299 [Version] 1048832 [Id] WindowsEditor(7,DESKTOP-F8LQMM0) [Debug] 1 [PackageName] WindowsEditor [ProjectName] Editor" joined alternative multi-casting on [225.0.0.222:34997]...

Refreshing native plugins compatible for Editor in 121.49 ms, found 4 plugins.
Preloading 0 native plugins for Editor in 0.00 ms.
Initialize engine version: 2021.3.17f1 (3e8111cac19d)
[Subsystems] Discovering subsystems at path C:/Program Files/Unity/Hub/Editor/2021.3.17f1/Editor/Data/Resources/UnitySubsystems
[Subsystems] Discovering subsystems at path C:/Users/afurf/Desktop/Proyectos Unity 2023/Blue Gravity Studios/-InterviewTask/BlueGravityStudios/Assets
GfxDevice: creating device client; threaded=0; jobified=0
Direct3D:
    Version:  Direct3D 11.0 [level 11.1]
    Renderer: AMD Radeon(TM) RX Vega 11 Graphics (ID=0x15d8)
    Vendor:   ATI
    VRAM:     7142 MB
    Driver:   31.0.12002.92
Initialize mono
Mono path[0] = 'C:/Program Files/Unity/Hub/Editor/2021.3.17f1/Editor/Data/Managed'
Mono path[1] = 'C:/Program Files/Unity/Hub/Editor/2021.3.17f1/Editor/Data/MonoBleedingEdge/lib/mono/unityjit-win32'
Mono config path = 'C:/Program Files/Unity/Hub/Editor/2021.3.17f1/Editor/Data/MonoBleedingEdge/etc'
Using monoOptions --debugger-agent=transport=dt_socket,embedding=1,server=y,suspend=n,address=127.0.0.1:56276
Begin MonoManager ReloadAssembly
Registering precompiled unity dll's ...
Register platform support module: C:/Program Files/Unity/Hub/Editor/2021.3.17f1/Editor/Data/PlaybackEngines/WebGLSupport/UnityEditor.WebGL.Extensions.dll
Register platform support module: C:/Program Files/Unity/Hub/Editor/2021.3.17f1/Editor/Data/PlaybackEngines/AndroidPlayer/UnityEditor.Android.Extensions.dll
Register platform support module: C:/Program Files/Unity/Hub/Editor/2021.3.17f1/Editor/Data/PlaybackEngines/WindowsStandaloneSupport/UnityEditor.WindowsStandalone.Extensions.dll
Registered in 0.013891 seconds.
Native extension for WindowsStandalone target not found
Native extension for Android target not found
Android Extension - Scanning For ADB Devices 362 ms
Native extension for WebGL target not found
Refreshing native plugins compatible for Editor in 132.52 ms, found 4 plugins.
Preloading 0 native plugins for Editor in 0.00 ms.
Mono: successfully reloaded assembly
- Completed reload, in  1.366 seconds
Domain Reload Profiling:
	ReloadAssembly (1367ms)
		BeginReloadAssembly (145ms)
			ExecutionOrderSort (0ms)
			DisableScriptedObjects (0ms)
			BackupInstance (0ms)
			ReleaseScriptingObjects (0ms)
			CreateAndSetChildDomain (1ms)
		EndReloadAssembly (1040ms)
			LoadAssemblies (143ms)
			RebuildTransferFunctionScriptingTraits (0ms)
			SetupTypeCache (148ms)
			ReleaseScriptCaches (0ms)
			RebuildScriptCaches (36ms)
			SetupLoadedEditorAssemblies (782ms)
				LogAssemblyErrors (0ms)
				InitializePlatformSupportModulesInManaged (461ms)
				SetLoadedEditorAssemblies (0ms)
				RefreshPlugins (133ms)
				BeforeProcessingInitializeOnLoad (2ms)
				ProcessInitializeOnLoadAttributes (124ms)
				ProcessInitializeOnLoadMethodAttributes (62ms)
				AfterProcessingInitializeOnLoad (0ms)
				EditorAssembliesLoaded (0ms)
			ExecutionOrderSort2 (0ms)
			AwakeInstancesAfterBackupRestoration (0ms)
Platform modules already initialized, skipping
Registering precompiled user dll's ...
Registered in 0.013514 seconds.
Begin MonoManager ReloadAssembly
Symbol file LoadedFromMemory doesn't match image C:\Users\afurf\Desktop\Proyectos Unity 2023\Blue Gravity Studios\-InterviewTask\BlueGravityStudios\Library\PackageCache\com.unity.visualscripting@1.8.0\Editor\VisualScripting.Core\Dependencies\YamlDotNet\Unity.VisualScripting.YamlDotNet.dll
Symbol file LoadedFromMemory doesn't match image C:\Users\afurf\Desktop\Proyectos Unity 2023\Blue Gravity Studios\-InterviewTask\BlueGravityStudios\Library\PackageCache\com.unity.visualscripting@1.8.0\Editor\VisualScripting.Core\Dependencies\DotNetZip\Unity.VisualScripting.IonicZip.dll
Native extension for WindowsStandalone target not found
Native extension for Android target not found
Native extension for WebGL target not found
Refreshing native plugins compatible for Editor in 141.78 ms, found 4 plugins.
Preloading 0 native plugins for Editor in 0.00 ms.
Mono: successfully reloaded assembly
- Completed reload, in  1.722 seconds
Domain Reload Profiling:
	ReloadAssembly (1724ms)
		BeginReloadAssembly (166ms)
			ExecutionOrderSort (0ms)
			DisableScriptedObjects (15ms)
			BackupInstance (0ms)
			ReleaseScriptingObjects (0ms)
			CreateAndSetChildDomain (26ms)
		EndReloadAssembly (1393ms)
			LoadAssemblies (117ms)
			RebuildTransferFunctionScriptingTraits (0ms)
			SetupTypeCache (389ms)
			ReleaseScriptCaches (1ms)
			RebuildScriptCaches (76ms)
			SetupLoadedEditorAssemblies (739ms)
				LogAssemblyErrors (0ms)
				InitializePlatformSupportModulesInManaged (25ms)
				SetLoadedEditorAssemblies (0ms)
				RefreshPlugins (142ms)
				BeforeProcessingInitializeOnLoad (149ms)
				ProcessInitializeOnLoadAttributes (353ms)
				ProcessInitializeOnLoadMethodAttributes (57ms)
				AfterProcessingInitializeOnLoad (12ms)
				EditorAssembliesLoaded (0ms)
			ExecutionOrderSort2 (0ms)
			AwakeInstancesAfterBackupRestoration (9ms)
Platform modules already initialized, skipping
========================================================================
Worker process is ready to serve import requests
Launched and connected shader compiler UnityShaderCompiler.exe after 0.07 seconds
Refreshing native plugins compatible for Editor in 0.85 ms, found 4 plugins.
Preloading 0 native plugins for Editor in 0.00 ms.
Unloading 4061 Unused Serialized files (Serialized files now loaded: 0)
Unloading 44 unused Assets / (229.5 KB). Loaded Objects now: 4513.
Memory consumption went from 152.2 MB to 152.0 MB.
Total: 4.514800 ms (FindLiveObjects: 0.420300 ms CreateObjectMapping: 0.460700 ms MarkObjects: 3.423400 ms  DeleteObjects: 0.208700 ms)

AssetImportParameters requested are different than current active one (requested -> active):
  custom:video-decoder-ogg-theora: a1e56fd34408186e4bbccfd4996cb3dc -> 
  custom:container-muxer-webm: aa71ff27fc2769a1b78a27578f13a17b -> 
  custom:container-demuxer-webm: 4f35f7cbe854078d1ac9338744f61a02 -> 
  custom:video-encoder-webm-vp8: eb34c28f22e8b96e1ab97ce403110664 -> 
  custom:audio-encoder-webm-vorbis: bf7c407c2cedff20999df2af8eb42d56 -> 
  custom:framework-win-MediaFoundation: 216162199b28c13a410421893ffa2e32 -> 
  custom:container-demuxer-ogg: 62fdf1f143b41e24485cea50d1cbac27 -> 
  custom:video-decoder-webm-vp8: 9c59270c3fd7afecdb556c50c9e8de78 -> 
  custom:audio-decoder-ogg-vorbis: bf7c407c2cedff20999df2af8eb42d56 -> 
========================================================================
Received Import Request.
  Time since last request: 12172.132919 seconds.
  path: Assets/Scenes
  artifactKey: Guid(131a6b21c8605f84396be9f6751fb6e3) Importer(815301076,1909f56bfc062723c751e8b465ee728b)
Start importing Assets/Scenes using Guid(131a6b21c8605f84396be9f6751fb6e3) Importer(815301076,1909f56bfc062723c751e8b465ee728b)  -> (artifact id: '2c23e514d24f6b65fe96946cd87fc526') in 0.021018 seconds 
========================================================================
Received Import Request.
  Time since last request: 4.379122 seconds.
  path: Assets/Scenes/Scritps
  artifactKey: Guid(f977bd995a3b5f04b80c26603c7968de) Importer(815301076,1909f56bfc062723c751e8b465ee728b)
Start importing Assets/Scenes/Scritps using Guid(f977bd995a3b5f04b80c26603c7968de) Importer(815301076,1909f56bfc062723c751e8b465ee728b)  -> (artifact id: '1d445f896910f75176e42aaa410f73f8') in 0.014906 seconds 
========================================================================
Received Import Request.
  Time since last request: 1.124989 seconds.
  path: Assets/Scenes/Scritps 1
  artifactKey: Guid(c2e0ab15e88eba8448d5bf740bf7de13) Importer(815301076,1909f56bfc062723c751e8b465ee728b)
Start importing Assets/Scenes/Scritps 1 using Guid(c2e0ab15e88eba8448d5bf740bf7de13) Importer(815301076,1909f56bfc062723c751e8b465ee728b)  -> (artifact id: '891f03c0b56679461c9fe5971a0bca3e') in 0.015386 seconds 
========================================================================
Received Import Request.
  Time since last request: 3.904320 seconds.
  path: Assets/Scenes/Materials
  artifactKey: Guid(c2e0ab15e88eba8448d5bf740bf7de13) Importer(815301076,1909f56bfc062723c751e8b465ee728b)
Start importing Assets/Scenes/Materials using Guid(c2e0ab15e88eba8448d5bf740bf7de13) Importer(815301076,1909f56bfc062723c751e8b465ee728b)  -> (artifact id: 'e43fa40954f20a3042ff22e6c7bbb1c3') in 0.011662 seconds 
========================================================================
Received Import Request.
  Time since last request: 1.476071 seconds.
  path: Assets/Scenes/Materials 1
  artifactKey: Guid(3d3b14d76b21dbe49bdaf4f330a451c5) Importer(815301076,1909f56bfc062723c751e8b465ee728b)
Start importing Assets/Scenes/Materials 1 using Guid(3d3b14d76b21dbe49bdaf4f330a451c5) Importer(815301076,1909f56bfc062723c751e8b465ee728b)  -> (artifact id: '09cff48c6f677557462783dafc49b5da') in 0.013541 seconds 
========================================================================
Received Import Request.
  Time since last request: 6.142249 seconds.
  path: Assets/Scenes/Prefabs
  artifactKey: Guid(3d3b14d76b21dbe49bdaf4f330a451c5) Importer(815301076,1909f56bfc062723c751e8b465ee728b)
Start importing Assets/Scenes/Prefabs using Guid(3d3b14d76b21dbe49bdaf4f330a451c5) Importer(815301076,1909f56bfc062723c751e8b465ee728b)  -> (artifact id: '0bf82442bcc05a1835ca9e8f23470f63') in 0.012744 seconds 
========================================================================
Received Import Request.
  Time since last request: 1.155763 seconds.
  path: Assets/Scenes/Prefabs 1
  artifactKey: Guid(6a4ec725b862fb642882e55f87888c48) Importer(815301076,1909f56bfc062723c751e8b465ee728b)
Start importing Assets/Scenes/Prefabs 1 using Guid(6a4ec725b862fb642882e55f87888c48) Importer(815301076,1909f56bfc062723c751e8b465ee728b)  -> (artifact id: '5148336b1cee9f086565f96ef97c51cd') in 0.011849 seconds 
========================================================================
Received Import Request.
  Time since last request: 6.949406 seconds.
  path: Assets/Scenes/AssetStore
  artifactKey: Guid(6a4ec725b862fb642882e55f87888c48) Importer(815301076,1909f56bfc062723c751e8b465ee728b)
Start importing Assets/Scenes/AssetStore using Guid(6a4ec725b862fb642882e55f87888c48) Importer(815301076,1909f56bfc062723c751e8b465ee728b)  -> (artifact id: '203321df16def45acd1e56d9b26d1f4d') in 0.011565 seconds 
========================================================================
Received Import Request.
  Time since last request: 1.687783 seconds.
  path: Assets/Scenes/AssetStore 1
  artifactKey: Guid(08dfe8d51a0458b41b4d5ae65e523426) Importer(815301076,1909f56bfc062723c751e8b465ee728b)
Start importing Assets/Scenes/AssetStore 1 using Guid(08dfe8d51a0458b41b4d5ae65e523426) Importer(815301076,1909f56bfc062723c751e8b465ee728b)  -> (artifact id: '904ed3eb0dae28d629392733c5ab652f') in 0.013254 seconds 
========================================================================
Received Import Request.
  Time since last request: 4.063140 seconds.
  path: Assets/Scenes/Texture
  artifactKey: Guid(08dfe8d51a0458b41b4d5ae65e523426) Importer(815301076,1909f56bfc062723c751e8b465ee728b)
Start importing Assets/Scenes/Texture using Guid(08dfe8d51a0458b41b4d5ae65e523426) Importer(815301076,1909f56bfc062723c751e8b465ee728b)  -> (artifact id: 'ee885751275bf282f135cc770799226c') in 0.011776 seconds 
